ARM GAS  /tmp/ccFaTSOb.s 			page 1


   1              		.cpu cortex-m0
   2              		.eabi_attribute 20, 1
   3              		.eabi_attribute 21, 1
   4              		.eabi_attribute 23, 3
   5              		.eabi_attribute 24, 1
   6              		.eabi_attribute 25, 1
   7              		.eabi_attribute 26, 1
   8              		.eabi_attribute 30, 1
   9              		.eabi_attribute 34, 0
  10              		.eabi_attribute 18, 4
  11              		.file	"stm32f0xx_hal_crc_ex.c"
  12              		.text
  13              	.Ltext0:
  14              		.cfi_sections	.debug_frame
  15              		.section	.text.HAL_CRCEx_Init,"ax",%progbits
  16              		.align	1
  17              		.global	HAL_CRCEx_Init
  18              		.arch armv6s-m
  19              		.syntax unified
  20              		.code	16
  21              		.thumb_func
  22              		.fpu softvfp
  24              	HAL_CRCEx_Init:
  25              	.LVL0:
  26              	.LFB37:
  27              		.file 1 "Drivers/STM32F0xx_HAL_Driver/Src/stm32f0xx_hal_crc_ex.c"
   1:Drivers/STM32F0xx_HAL_Driver/Src/stm32f0xx_hal_crc_ex.c **** /**
   2:Drivers/STM32F0xx_HAL_Driver/Src/stm32f0xx_hal_crc_ex.c ****   ******************************************************************************
   3:Drivers/STM32F0xx_HAL_Driver/Src/stm32f0xx_hal_crc_ex.c ****   * @file    stm32f0xx_hal_crc_ex.c
   4:Drivers/STM32F0xx_HAL_Driver/Src/stm32f0xx_hal_crc_ex.c ****   * @author  MCD Application Team
   5:Drivers/STM32F0xx_HAL_Driver/Src/stm32f0xx_hal_crc_ex.c ****   * @brief   Extended CRC HAL module driver.
   6:Drivers/STM32F0xx_HAL_Driver/Src/stm32f0xx_hal_crc_ex.c ****   *          This file provides firmware functions to manage the following 
   7:Drivers/STM32F0xx_HAL_Driver/Src/stm32f0xx_hal_crc_ex.c ****   *          functionalities of the CRC peripheral:
   8:Drivers/STM32F0xx_HAL_Driver/Src/stm32f0xx_hal_crc_ex.c ****   *           + Extended initialization functions
   9:Drivers/STM32F0xx_HAL_Driver/Src/stm32f0xx_hal_crc_ex.c ****   *         
  10:Drivers/STM32F0xx_HAL_Driver/Src/stm32f0xx_hal_crc_ex.c ****   @verbatim
  11:Drivers/STM32F0xx_HAL_Driver/Src/stm32f0xx_hal_crc_ex.c **** ================================================================================
  12:Drivers/STM32F0xx_HAL_Driver/Src/stm32f0xx_hal_crc_ex.c ****             ##### How to use this driver #####
  13:Drivers/STM32F0xx_HAL_Driver/Src/stm32f0xx_hal_crc_ex.c **** ================================================================================
  14:Drivers/STM32F0xx_HAL_Driver/Src/stm32f0xx_hal_crc_ex.c ****     [..]
  15:Drivers/STM32F0xx_HAL_Driver/Src/stm32f0xx_hal_crc_ex.c ****          (+) Extended initialization
  16:Drivers/STM32F0xx_HAL_Driver/Src/stm32f0xx_hal_crc_ex.c ****          (+) Set or not user-defined generating
  17:Drivers/STM32F0xx_HAL_Driver/Src/stm32f0xx_hal_crc_ex.c ****             polynomial other than default one
  18:Drivers/STM32F0xx_HAL_Driver/Src/stm32f0xx_hal_crc_ex.c **** 
  19:Drivers/STM32F0xx_HAL_Driver/Src/stm32f0xx_hal_crc_ex.c ****   @endverbatim
  20:Drivers/STM32F0xx_HAL_Driver/Src/stm32f0xx_hal_crc_ex.c ****   ******************************************************************************
  21:Drivers/STM32F0xx_HAL_Driver/Src/stm32f0xx_hal_crc_ex.c ****   * @attention
  22:Drivers/STM32F0xx_HAL_Driver/Src/stm32f0xx_hal_crc_ex.c ****   *
  23:Drivers/STM32F0xx_HAL_Driver/Src/stm32f0xx_hal_crc_ex.c ****   * <h2><center>&copy; COPYRIGHT(c) 2016 STMicroelectronics</center></h2>
  24:Drivers/STM32F0xx_HAL_Driver/Src/stm32f0xx_hal_crc_ex.c ****   *
  25:Drivers/STM32F0xx_HAL_Driver/Src/stm32f0xx_hal_crc_ex.c ****   * Redistribution and use in source and binary forms, with or without modification,
  26:Drivers/STM32F0xx_HAL_Driver/Src/stm32f0xx_hal_crc_ex.c ****   * are permitted provided that the following conditions are met:
  27:Drivers/STM32F0xx_HAL_Driver/Src/stm32f0xx_hal_crc_ex.c ****   *   1. Redistributions of source code must retain the above copyright notice,
  28:Drivers/STM32F0xx_HAL_Driver/Src/stm32f0xx_hal_crc_ex.c ****   *      this list of conditions and the following disclaimer.
  29:Drivers/STM32F0xx_HAL_Driver/Src/stm32f0xx_hal_crc_ex.c ****   *   2. Redistributions in binary form must reproduce the above copyright notice,
  30:Drivers/STM32F0xx_HAL_Driver/Src/stm32f0xx_hal_crc_ex.c ****   *      this list of conditions and the following disclaimer in the documentation
  31:Drivers/STM32F0xx_HAL_Driver/Src/stm32f0xx_hal_crc_ex.c ****   *      and/or other materials provided with the distribution.
ARM GAS  /tmp/ccFaTSOb.s 			page 2


  32:Drivers/STM32F0xx_HAL_Driver/Src/stm32f0xx_hal_crc_ex.c ****   *   3. Neither the name of STMicroelectronics nor the names of its contributors
  33:Drivers/STM32F0xx_HAL_Driver/Src/stm32f0xx_hal_crc_ex.c ****   *      may be used to endorse or promote products derived from this software
  34:Drivers/STM32F0xx_HAL_Driver/Src/stm32f0xx_hal_crc_ex.c ****   *      without specific prior written permission.
  35:Drivers/STM32F0xx_HAL_Driver/Src/stm32f0xx_hal_crc_ex.c ****   *
  36:Drivers/STM32F0xx_HAL_Driver/Src/stm32f0xx_hal_crc_ex.c ****   * THIS SOFTWARE IS PROVIDED BY THE COPYRIGHT HOLDERS AND CONTRIBUTORS "AS IS"
  37:Drivers/STM32F0xx_HAL_Driver/Src/stm32f0xx_hal_crc_ex.c ****   * AND ANY EXPRESS OR IMPLIED WARRANTIES, INCLUDING, BUT NOT LIMITED TO, THE
  38:Drivers/STM32F0xx_HAL_Driver/Src/stm32f0xx_hal_crc_ex.c ****   * IMPLIED WARRANTIES OF MERCHANTABILITY AND FITNESS FOR A PARTICULAR PURPOSE ARE
  39:Drivers/STM32F0xx_HAL_Driver/Src/stm32f0xx_hal_crc_ex.c ****   * DISCLAIMED. IN NO EVENT SHALL THE COPYRIGHT HOLDER OR CONTRIBUTORS BE LIABLE
  40:Drivers/STM32F0xx_HAL_Driver/Src/stm32f0xx_hal_crc_ex.c ****   * FOR ANY DIRECT, INDIRECT, INCIDENTAL, SPECIAL, EXEMPLARY, OR CONSEQUENTIAL
  41:Drivers/STM32F0xx_HAL_Driver/Src/stm32f0xx_hal_crc_ex.c ****   * DAMAGES (INCLUDING, BUT NOT LIMITED TO, PROCUREMENT OF SUBSTITUTE GOODS OR
  42:Drivers/STM32F0xx_HAL_Driver/Src/stm32f0xx_hal_crc_ex.c ****   * SERVICES; LOSS OF USE, DATA, OR PROFITS; OR BUSINESS INTERRUPTION) HOWEVER
  43:Drivers/STM32F0xx_HAL_Driver/Src/stm32f0xx_hal_crc_ex.c ****   * CAUSED AND ON ANY THEORY OF LIABILITY, WHETHER IN CONTRACT, STRICT LIABILITY,
  44:Drivers/STM32F0xx_HAL_Driver/Src/stm32f0xx_hal_crc_ex.c ****   * OR TORT (INCLUDING NEGLIGENCE OR OTHERWISE) ARISING IN ANY WAY OUT OF THE USE
  45:Drivers/STM32F0xx_HAL_Driver/Src/stm32f0xx_hal_crc_ex.c ****   * OF THIS SOFTWARE, EVEN IF ADVISED OF THE POSSIBILITY OF SUCH DAMAGE.
  46:Drivers/STM32F0xx_HAL_Driver/Src/stm32f0xx_hal_crc_ex.c ****   *
  47:Drivers/STM32F0xx_HAL_Driver/Src/stm32f0xx_hal_crc_ex.c ****   ******************************************************************************  
  48:Drivers/STM32F0xx_HAL_Driver/Src/stm32f0xx_hal_crc_ex.c ****   */
  49:Drivers/STM32F0xx_HAL_Driver/Src/stm32f0xx_hal_crc_ex.c **** 
  50:Drivers/STM32F0xx_HAL_Driver/Src/stm32f0xx_hal_crc_ex.c **** /* Includes ------------------------------------------------------------------*/
  51:Drivers/STM32F0xx_HAL_Driver/Src/stm32f0xx_hal_crc_ex.c **** #include "stm32f0xx_hal.h"
  52:Drivers/STM32F0xx_HAL_Driver/Src/stm32f0xx_hal_crc_ex.c **** 
  53:Drivers/STM32F0xx_HAL_Driver/Src/stm32f0xx_hal_crc_ex.c **** /** @addtogroup STM32F0xx_HAL_Driver
  54:Drivers/STM32F0xx_HAL_Driver/Src/stm32f0xx_hal_crc_ex.c ****   * @{
  55:Drivers/STM32F0xx_HAL_Driver/Src/stm32f0xx_hal_crc_ex.c ****   */
  56:Drivers/STM32F0xx_HAL_Driver/Src/stm32f0xx_hal_crc_ex.c **** 
  57:Drivers/STM32F0xx_HAL_Driver/Src/stm32f0xx_hal_crc_ex.c **** /** @defgroup CRCEx CRCEx 
  58:Drivers/STM32F0xx_HAL_Driver/Src/stm32f0xx_hal_crc_ex.c ****   * @brief CRC Extended HAL module driver
  59:Drivers/STM32F0xx_HAL_Driver/Src/stm32f0xx_hal_crc_ex.c ****   * @{
  60:Drivers/STM32F0xx_HAL_Driver/Src/stm32f0xx_hal_crc_ex.c ****   */
  61:Drivers/STM32F0xx_HAL_Driver/Src/stm32f0xx_hal_crc_ex.c **** 
  62:Drivers/STM32F0xx_HAL_Driver/Src/stm32f0xx_hal_crc_ex.c **** #ifdef HAL_CRC_MODULE_ENABLED
  63:Drivers/STM32F0xx_HAL_Driver/Src/stm32f0xx_hal_crc_ex.c **** 
  64:Drivers/STM32F0xx_HAL_Driver/Src/stm32f0xx_hal_crc_ex.c **** /* Private typedef -----------------------------------------------------------*/
  65:Drivers/STM32F0xx_HAL_Driver/Src/stm32f0xx_hal_crc_ex.c **** /* Private define ------------------------------------------------------------*/
  66:Drivers/STM32F0xx_HAL_Driver/Src/stm32f0xx_hal_crc_ex.c **** /* Private macro -------------------------------------------------------------*/
  67:Drivers/STM32F0xx_HAL_Driver/Src/stm32f0xx_hal_crc_ex.c **** /* Private variables ---------------------------------------------------------*/
  68:Drivers/STM32F0xx_HAL_Driver/Src/stm32f0xx_hal_crc_ex.c **** /* Private function prototypes -----------------------------------------------*/
  69:Drivers/STM32F0xx_HAL_Driver/Src/stm32f0xx_hal_crc_ex.c **** /* Private functions ---------------------------------------------------------*/
  70:Drivers/STM32F0xx_HAL_Driver/Src/stm32f0xx_hal_crc_ex.c **** 
  71:Drivers/STM32F0xx_HAL_Driver/Src/stm32f0xx_hal_crc_ex.c **** /** @defgroup CRCEx_Exported_Functions CRCEx Exported Functions
  72:Drivers/STM32F0xx_HAL_Driver/Src/stm32f0xx_hal_crc_ex.c ****   * @{
  73:Drivers/STM32F0xx_HAL_Driver/Src/stm32f0xx_hal_crc_ex.c ****   */
  74:Drivers/STM32F0xx_HAL_Driver/Src/stm32f0xx_hal_crc_ex.c **** 
  75:Drivers/STM32F0xx_HAL_Driver/Src/stm32f0xx_hal_crc_ex.c **** /** @defgroup CRCEx_Exported_Functions_Group1 Extended Initialization/de-initialization functions
  76:Drivers/STM32F0xx_HAL_Driver/Src/stm32f0xx_hal_crc_ex.c ****   * @brief    Extended Initialization and Configuration functions.
  77:Drivers/STM32F0xx_HAL_Driver/Src/stm32f0xx_hal_crc_ex.c ****   *
  78:Drivers/STM32F0xx_HAL_Driver/Src/stm32f0xx_hal_crc_ex.c **** @verbatim    
  79:Drivers/STM32F0xx_HAL_Driver/Src/stm32f0xx_hal_crc_ex.c ****  ===============================================================================
  80:Drivers/STM32F0xx_HAL_Driver/Src/stm32f0xx_hal_crc_ex.c ****             ##### Initialization and Configuration functions #####
  81:Drivers/STM32F0xx_HAL_Driver/Src/stm32f0xx_hal_crc_ex.c ****  ===============================================================================
  82:Drivers/STM32F0xx_HAL_Driver/Src/stm32f0xx_hal_crc_ex.c ****     [..]  This section provides functions allowing to:
  83:Drivers/STM32F0xx_HAL_Driver/Src/stm32f0xx_hal_crc_ex.c ****       (+) Initialize the CRC generating polynomial: if programmable polynomial 
  84:Drivers/STM32F0xx_HAL_Driver/Src/stm32f0xx_hal_crc_ex.c ****           feature is applicable to device, set default or non-default generating 
  85:Drivers/STM32F0xx_HAL_Driver/Src/stm32f0xx_hal_crc_ex.c ****           polynomial according to hcrc->Init.DefaultPolynomialUse parameter.
  86:Drivers/STM32F0xx_HAL_Driver/Src/stm32f0xx_hal_crc_ex.c ****           If feature is non-applicable to device in use, HAL_CRCEx_Init straight 
  87:Drivers/STM32F0xx_HAL_Driver/Src/stm32f0xx_hal_crc_ex.c ****           away reports HAL_OK.
  88:Drivers/STM32F0xx_HAL_Driver/Src/stm32f0xx_hal_crc_ex.c ****       (+) Set the generating polynomial
ARM GAS  /tmp/ccFaTSOb.s 			page 3


  89:Drivers/STM32F0xx_HAL_Driver/Src/stm32f0xx_hal_crc_ex.c ****  
  90:Drivers/STM32F0xx_HAL_Driver/Src/stm32f0xx_hal_crc_ex.c **** @endverbatim
  91:Drivers/STM32F0xx_HAL_Driver/Src/stm32f0xx_hal_crc_ex.c ****   * @{
  92:Drivers/STM32F0xx_HAL_Driver/Src/stm32f0xx_hal_crc_ex.c ****   */
  93:Drivers/STM32F0xx_HAL_Driver/Src/stm32f0xx_hal_crc_ex.c **** 
  94:Drivers/STM32F0xx_HAL_Driver/Src/stm32f0xx_hal_crc_ex.c **** 
  95:Drivers/STM32F0xx_HAL_Driver/Src/stm32f0xx_hal_crc_ex.c **** /**
  96:Drivers/STM32F0xx_HAL_Driver/Src/stm32f0xx_hal_crc_ex.c ****   * @brief  Extended initialization to set generating polynomial
  97:Drivers/STM32F0xx_HAL_Driver/Src/stm32f0xx_hal_crc_ex.c ****   * @param  hcrc CRC handle             
  98:Drivers/STM32F0xx_HAL_Driver/Src/stm32f0xx_hal_crc_ex.c ****   * @retval HAL status
  99:Drivers/STM32F0xx_HAL_Driver/Src/stm32f0xx_hal_crc_ex.c ****   */             
 100:Drivers/STM32F0xx_HAL_Driver/Src/stm32f0xx_hal_crc_ex.c **** HAL_StatusTypeDef HAL_CRCEx_Init(CRC_HandleTypeDef *hcrc)
 101:Drivers/STM32F0xx_HAL_Driver/Src/stm32f0xx_hal_crc_ex.c **** {
  28              		.loc 1 101 1 view -0
  29              		.cfi_startproc
  30              		@ args = 0, pretend = 0, frame = 0
  31              		@ frame_needed = 0, uses_anonymous_args = 0
  32              		@ link register save eliminated.
 102:Drivers/STM32F0xx_HAL_Driver/Src/stm32f0xx_hal_crc_ex.c **** #if defined(STM32F071xB) || defined(STM32F072xB) || defined(STM32F078xx) || defined(STM32F091xC) ||
 103:Drivers/STM32F0xx_HAL_Driver/Src/stm32f0xx_hal_crc_ex.c ****   /* check whether or not non-default generating polynomial has been 
 104:Drivers/STM32F0xx_HAL_Driver/Src/stm32f0xx_hal_crc_ex.c ****    * picked up by user */
 105:Drivers/STM32F0xx_HAL_Driver/Src/stm32f0xx_hal_crc_ex.c ****   assert_param(IS_DEFAULT_POLYNOMIAL(hcrc->Init.DefaultPolynomialUse)); 
 106:Drivers/STM32F0xx_HAL_Driver/Src/stm32f0xx_hal_crc_ex.c ****   if (hcrc->Init.DefaultPolynomialUse == DEFAULT_POLYNOMIAL_ENABLE)
 107:Drivers/STM32F0xx_HAL_Driver/Src/stm32f0xx_hal_crc_ex.c ****   {
 108:Drivers/STM32F0xx_HAL_Driver/Src/stm32f0xx_hal_crc_ex.c ****     /* initialize IP with default generating polynomial */
 109:Drivers/STM32F0xx_HAL_Driver/Src/stm32f0xx_hal_crc_ex.c ****     WRITE_REG(hcrc->Instance->POL, DEFAULT_CRC32_POLY);  
 110:Drivers/STM32F0xx_HAL_Driver/Src/stm32f0xx_hal_crc_ex.c ****     MODIFY_REG(hcrc->Instance->CR, CRC_CR_POLYSIZE, CRC_POLYLENGTH_32B);
 111:Drivers/STM32F0xx_HAL_Driver/Src/stm32f0xx_hal_crc_ex.c ****   }
 112:Drivers/STM32F0xx_HAL_Driver/Src/stm32f0xx_hal_crc_ex.c ****   else
 113:Drivers/STM32F0xx_HAL_Driver/Src/stm32f0xx_hal_crc_ex.c ****   {
 114:Drivers/STM32F0xx_HAL_Driver/Src/stm32f0xx_hal_crc_ex.c ****     /* initialize CRC IP with generating polynomial defined by user */
 115:Drivers/STM32F0xx_HAL_Driver/Src/stm32f0xx_hal_crc_ex.c ****     if (HAL_CRCEx_Polynomial_Set(hcrc, hcrc->Init.GeneratingPolynomial, hcrc->Init.CRCLength) != HA
 116:Drivers/STM32F0xx_HAL_Driver/Src/stm32f0xx_hal_crc_ex.c ****     {
 117:Drivers/STM32F0xx_HAL_Driver/Src/stm32f0xx_hal_crc_ex.c ****       return HAL_ERROR;
 118:Drivers/STM32F0xx_HAL_Driver/Src/stm32f0xx_hal_crc_ex.c ****     }
 119:Drivers/STM32F0xx_HAL_Driver/Src/stm32f0xx_hal_crc_ex.c ****   }
 120:Drivers/STM32F0xx_HAL_Driver/Src/stm32f0xx_hal_crc_ex.c **** #endif /* defined(STM32F071xB) || defined(STM32F072xB) || defined(STM32F078xx) || defined(STM32F091
 121:Drivers/STM32F0xx_HAL_Driver/Src/stm32f0xx_hal_crc_ex.c **** 
 122:Drivers/STM32F0xx_HAL_Driver/Src/stm32f0xx_hal_crc_ex.c ****    return HAL_OK;
  33              		.loc 1 122 4 view .LVU1
 123:Drivers/STM32F0xx_HAL_Driver/Src/stm32f0xx_hal_crc_ex.c **** }
  34              		.loc 1 123 1 is_stmt 0 view .LVU2
  35 0000 0020     		movs	r0, #0
  36              	.LVL1:
  37              		.loc 1 123 1 view .LVU3
  38              		@ sp needed
  39 0002 7047     		bx	lr
  40              		.cfi_endproc
  41              	.LFE37:
  43              		.section	.text.HAL_CRCEx_Input_Data_Reverse,"ax",%progbits
  44              		.align	1
  45              		.global	HAL_CRCEx_Input_Data_Reverse
  46              		.syntax unified
  47              		.code	16
  48              		.thumb_func
  49              		.fpu softvfp
  51              	HAL_CRCEx_Input_Data_Reverse:
ARM GAS  /tmp/ccFaTSOb.s 			page 4


  52              	.LVL2:
  53              	.LFB38:
 124:Drivers/STM32F0xx_HAL_Driver/Src/stm32f0xx_hal_crc_ex.c **** 
 125:Drivers/STM32F0xx_HAL_Driver/Src/stm32f0xx_hal_crc_ex.c **** /**
 126:Drivers/STM32F0xx_HAL_Driver/Src/stm32f0xx_hal_crc_ex.c ****   * @brief  Set the Reverse Input data mode.
 127:Drivers/STM32F0xx_HAL_Driver/Src/stm32f0xx_hal_crc_ex.c ****   * @param  hcrc CRC handle
 128:Drivers/STM32F0xx_HAL_Driver/Src/stm32f0xx_hal_crc_ex.c ****   * @param  InputReverseMode Input Data inversion mode
 129:Drivers/STM32F0xx_HAL_Driver/Src/stm32f0xx_hal_crc_ex.c ****   *         This parameter can be one of the following values:
 130:Drivers/STM32F0xx_HAL_Driver/Src/stm32f0xx_hal_crc_ex.c ****   *          @arg CRC_INPUTDATA_NOINVERSION: no change in bit order (default value)
 131:Drivers/STM32F0xx_HAL_Driver/Src/stm32f0xx_hal_crc_ex.c ****   *          @arg CRC_INPUTDATA_INVERSION_BYTE: Byte-wise bit reversal
 132:Drivers/STM32F0xx_HAL_Driver/Src/stm32f0xx_hal_crc_ex.c ****   *          @arg CRC_INPUTDATA_INVERSION_HALFWORD: HalfWord-wise bit reversal
 133:Drivers/STM32F0xx_HAL_Driver/Src/stm32f0xx_hal_crc_ex.c ****   *          @arg CRC_INPUTDATA_INVERSION_WORD: Word-wise bit reversal              
 134:Drivers/STM32F0xx_HAL_Driver/Src/stm32f0xx_hal_crc_ex.c ****   * @retval HAL status
 135:Drivers/STM32F0xx_HAL_Driver/Src/stm32f0xx_hal_crc_ex.c ****   */                                   
 136:Drivers/STM32F0xx_HAL_Driver/Src/stm32f0xx_hal_crc_ex.c **** HAL_StatusTypeDef HAL_CRCEx_Input_Data_Reverse(CRC_HandleTypeDef *hcrc, uint32_t InputReverseMode)
 137:Drivers/STM32F0xx_HAL_Driver/Src/stm32f0xx_hal_crc_ex.c **** {  
  54              		.loc 1 137 1 is_stmt 1 view -0
  55              		.cfi_startproc
  56              		@ args = 0, pretend = 0, frame = 0
  57              		@ frame_needed = 0, uses_anonymous_args = 0
  58              		.loc 1 137 1 is_stmt 0 view .LVU5
  59 0000 10B5     		push	{r4, lr}
  60              	.LCFI0:
  61              		.cfi_def_cfa_offset 8
  62              		.cfi_offset 4, -8
  63              		.cfi_offset 14, -4
 138:Drivers/STM32F0xx_HAL_Driver/Src/stm32f0xx_hal_crc_ex.c ****   /* Check the parameters */
 139:Drivers/STM32F0xx_HAL_Driver/Src/stm32f0xx_hal_crc_ex.c ****   assert_param(IS_CRC_INPUTDATA_INVERSION_MODE(InputReverseMode));
  64              		.loc 1 139 3 is_stmt 1 view .LVU6
 140:Drivers/STM32F0xx_HAL_Driver/Src/stm32f0xx_hal_crc_ex.c ****   
 141:Drivers/STM32F0xx_HAL_Driver/Src/stm32f0xx_hal_crc_ex.c ****   /* Change CRC peripheral state */
 142:Drivers/STM32F0xx_HAL_Driver/Src/stm32f0xx_hal_crc_ex.c ****   hcrc->State = HAL_CRC_STATE_BUSY;
  65              		.loc 1 142 3 view .LVU7
  66              		.loc 1 142 15 is_stmt 0 view .LVU8
  67 0002 0223     		movs	r3, #2
  68 0004 4377     		strb	r3, [r0, #29]
 143:Drivers/STM32F0xx_HAL_Driver/Src/stm32f0xx_hal_crc_ex.c **** 
 144:Drivers/STM32F0xx_HAL_Driver/Src/stm32f0xx_hal_crc_ex.c ****   /* set input data inversion mode */
 145:Drivers/STM32F0xx_HAL_Driver/Src/stm32f0xx_hal_crc_ex.c ****   MODIFY_REG(hcrc->Instance->CR, CRC_CR_REV_IN, InputReverseMode);    
  69              		.loc 1 145 3 is_stmt 1 view .LVU9
  70 0006 0268     		ldr	r2, [r0]
  71 0008 9368     		ldr	r3, [r2, #8]
  72 000a 6024     		movs	r4, #96
  73 000c A343     		bics	r3, r4
  74 000e 0B43     		orrs	r3, r1
  75 0010 9360     		str	r3, [r2, #8]
 146:Drivers/STM32F0xx_HAL_Driver/Src/stm32f0xx_hal_crc_ex.c ****   /* Change CRC peripheral state */
 147:Drivers/STM32F0xx_HAL_Driver/Src/stm32f0xx_hal_crc_ex.c ****   hcrc->State = HAL_CRC_STATE_READY;
  76              		.loc 1 147 3 view .LVU10
  77              		.loc 1 147 15 is_stmt 0 view .LVU11
  78 0012 0123     		movs	r3, #1
  79 0014 4377     		strb	r3, [r0, #29]
 148:Drivers/STM32F0xx_HAL_Driver/Src/stm32f0xx_hal_crc_ex.c ****   
 149:Drivers/STM32F0xx_HAL_Driver/Src/stm32f0xx_hal_crc_ex.c ****   /* Return function status */
 150:Drivers/STM32F0xx_HAL_Driver/Src/stm32f0xx_hal_crc_ex.c ****   return HAL_OK;
  80              		.loc 1 150 3 is_stmt 1 view .LVU12
 151:Drivers/STM32F0xx_HAL_Driver/Src/stm32f0xx_hal_crc_ex.c **** }
ARM GAS  /tmp/ccFaTSOb.s 			page 5


  81              		.loc 1 151 1 is_stmt 0 view .LVU13
  82 0016 0020     		movs	r0, #0
  83              	.LVL3:
  84              		.loc 1 151 1 view .LVU14
  85              		@ sp needed
  86 0018 10BD     		pop	{r4, pc}
  87              		.cfi_endproc
  88              	.LFE38:
  90              		.section	.text.HAL_CRCEx_Output_Data_Reverse,"ax",%progbits
  91              		.align	1
  92              		.global	HAL_CRCEx_Output_Data_Reverse
  93              		.syntax unified
  94              		.code	16
  95              		.thumb_func
  96              		.fpu softvfp
  98              	HAL_CRCEx_Output_Data_Reverse:
  99              	.LVL4:
 100              	.LFB39:
 152:Drivers/STM32F0xx_HAL_Driver/Src/stm32f0xx_hal_crc_ex.c **** 
 153:Drivers/STM32F0xx_HAL_Driver/Src/stm32f0xx_hal_crc_ex.c **** /**
 154:Drivers/STM32F0xx_HAL_Driver/Src/stm32f0xx_hal_crc_ex.c ****   * @brief  Set the Reverse Output data mode.
 155:Drivers/STM32F0xx_HAL_Driver/Src/stm32f0xx_hal_crc_ex.c ****   * @param  hcrc CRC handle
 156:Drivers/STM32F0xx_HAL_Driver/Src/stm32f0xx_hal_crc_ex.c ****   * @param  OutputReverseMode Output Data inversion mode
 157:Drivers/STM32F0xx_HAL_Driver/Src/stm32f0xx_hal_crc_ex.c ****   *         This parameter can be one of the following values:
 158:Drivers/STM32F0xx_HAL_Driver/Src/stm32f0xx_hal_crc_ex.c ****   *          @arg CRC_OUTPUTDATA_INVERSION_DISABLE: no CRC inversion (default value)
 159:Drivers/STM32F0xx_HAL_Driver/Src/stm32f0xx_hal_crc_ex.c ****   *          @arg CRC_OUTPUTDATA_INVERSION_ENABLE: bit-level inversion (e.g for a 8-bit CRC: 0xB5 b
 160:Drivers/STM32F0xx_HAL_Driver/Src/stm32f0xx_hal_crc_ex.c ****   * @retval HAL status
 161:Drivers/STM32F0xx_HAL_Driver/Src/stm32f0xx_hal_crc_ex.c ****   */                                   
 162:Drivers/STM32F0xx_HAL_Driver/Src/stm32f0xx_hal_crc_ex.c **** HAL_StatusTypeDef HAL_CRCEx_Output_Data_Reverse(CRC_HandleTypeDef *hcrc, uint32_t OutputReverseMode
 163:Drivers/STM32F0xx_HAL_Driver/Src/stm32f0xx_hal_crc_ex.c **** {
 101              		.loc 1 163 1 is_stmt 1 view -0
 102              		.cfi_startproc
 103              		@ args = 0, pretend = 0, frame = 0
 104              		@ frame_needed = 0, uses_anonymous_args = 0
 105              		.loc 1 163 1 is_stmt 0 view .LVU16
 106 0000 10B5     		push	{r4, lr}
 107              	.LCFI1:
 108              		.cfi_def_cfa_offset 8
 109              		.cfi_offset 4, -8
 110              		.cfi_offset 14, -4
 164:Drivers/STM32F0xx_HAL_Driver/Src/stm32f0xx_hal_crc_ex.c ****   /* Check the parameters */
 165:Drivers/STM32F0xx_HAL_Driver/Src/stm32f0xx_hal_crc_ex.c ****   assert_param(IS_CRC_OUTPUTDATA_INVERSION_MODE(OutputReverseMode));
 111              		.loc 1 165 3 is_stmt 1 view .LVU17
 166:Drivers/STM32F0xx_HAL_Driver/Src/stm32f0xx_hal_crc_ex.c ****   
 167:Drivers/STM32F0xx_HAL_Driver/Src/stm32f0xx_hal_crc_ex.c ****   /* Change CRC peripheral state */
 168:Drivers/STM32F0xx_HAL_Driver/Src/stm32f0xx_hal_crc_ex.c ****   hcrc->State = HAL_CRC_STATE_BUSY;
 112              		.loc 1 168 3 view .LVU18
 113              		.loc 1 168 15 is_stmt 0 view .LVU19
 114 0002 0223     		movs	r3, #2
 115 0004 4377     		strb	r3, [r0, #29]
 169:Drivers/STM32F0xx_HAL_Driver/Src/stm32f0xx_hal_crc_ex.c **** 
 170:Drivers/STM32F0xx_HAL_Driver/Src/stm32f0xx_hal_crc_ex.c ****   /* set output data inversion mode */
 171:Drivers/STM32F0xx_HAL_Driver/Src/stm32f0xx_hal_crc_ex.c ****   MODIFY_REG(hcrc->Instance->CR, CRC_CR_REV_OUT, OutputReverseMode); 
 116              		.loc 1 171 3 is_stmt 1 view .LVU20
 117 0006 0268     		ldr	r2, [r0]
 118 0008 9368     		ldr	r3, [r2, #8]
 119 000a 8024     		movs	r4, #128
ARM GAS  /tmp/ccFaTSOb.s 			page 6


 120 000c A343     		bics	r3, r4
 121 000e 0B43     		orrs	r3, r1
 122 0010 9360     		str	r3, [r2, #8]
 172:Drivers/STM32F0xx_HAL_Driver/Src/stm32f0xx_hal_crc_ex.c ****       
 173:Drivers/STM32F0xx_HAL_Driver/Src/stm32f0xx_hal_crc_ex.c ****   /* Change CRC peripheral state */
 174:Drivers/STM32F0xx_HAL_Driver/Src/stm32f0xx_hal_crc_ex.c ****   hcrc->State = HAL_CRC_STATE_READY;
 123              		.loc 1 174 3 view .LVU21
 124              		.loc 1 174 15 is_stmt 0 view .LVU22
 125 0012 0123     		movs	r3, #1
 126 0014 4377     		strb	r3, [r0, #29]
 175:Drivers/STM32F0xx_HAL_Driver/Src/stm32f0xx_hal_crc_ex.c ****   
 176:Drivers/STM32F0xx_HAL_Driver/Src/stm32f0xx_hal_crc_ex.c ****   /* Return function status */
 177:Drivers/STM32F0xx_HAL_Driver/Src/stm32f0xx_hal_crc_ex.c ****   return HAL_OK;
 127              		.loc 1 177 3 is_stmt 1 view .LVU23
 178:Drivers/STM32F0xx_HAL_Driver/Src/stm32f0xx_hal_crc_ex.c **** }
 128              		.loc 1 178 1 is_stmt 0 view .LVU24
 129 0016 0020     		movs	r0, #0
 130              	.LVL5:
 131              		.loc 1 178 1 view .LVU25
 132              		@ sp needed
 133 0018 10BD     		pop	{r4, pc}
 134              		.cfi_endproc
 135              	.LFE39:
 137              		.text
 138              	.Letext0:
 139              		.file 2 "/usr/arm-none-eabi/include/machine/_default_types.h"
 140              		.file 3 "/usr/arm-none-eabi/include/sys/_stdint.h"
 141              		.file 4 "Drivers/CMSIS/Device/ST/STM32F0xx/Include/system_stm32f0xx.h"
 142              		.file 5 "Drivers/CMSIS/Device/ST/STM32F0xx/Include/stm32f042x6.h"
 143              		.file 6 "/usr/arm-none-eabi/include/sys/lock.h"
 144              		.file 7 "/usr/arm-none-eabi/include/sys/_types.h"
 145              		.file 8 "/usr/lib/gcc/arm-none-eabi/9.2.0/include/stddef.h"
 146              		.file 9 "/usr/arm-none-eabi/include/sys/reent.h"
 147              		.file 10 "Drivers/STM32F0xx_HAL_Driver/Inc/stm32f0xx_hal_def.h"
 148              		.file 11 "Drivers/STM32F0xx_HAL_Driver/Inc/stm32f0xx_hal_crc.h"
ARM GAS  /tmp/ccFaTSOb.s 			page 7


DEFINED SYMBOLS
                            *ABS*:0000000000000000 stm32f0xx_hal_crc_ex.c
     /tmp/ccFaTSOb.s:16     .text.HAL_CRCEx_Init:0000000000000000 $t
     /tmp/ccFaTSOb.s:24     .text.HAL_CRCEx_Init:0000000000000000 HAL_CRCEx_Init
     /tmp/ccFaTSOb.s:44     .text.HAL_CRCEx_Input_Data_Reverse:0000000000000000 $t
     /tmp/ccFaTSOb.s:51     .text.HAL_CRCEx_Input_Data_Reverse:0000000000000000 HAL_CRCEx_Input_Data_Reverse
     /tmp/ccFaTSOb.s:91     .text.HAL_CRCEx_Output_Data_Reverse:0000000000000000 $t
     /tmp/ccFaTSOb.s:98     .text.HAL_CRCEx_Output_Data_Reverse:0000000000000000 HAL_CRCEx_Output_Data_Reverse

NO UNDEFINED SYMBOLS
